\BOOKMARK [1][-]{section.1}{1 \334bersicht}{}% 1
\BOOKMARK [2][-]{subsection.1.1}{1.1 Ausgangslage}{section.1}% 2
\BOOKMARK [2][-]{subsection.1.2}{1.2 Projektziele}{section.1}% 3
\BOOKMARK [2][-]{subsection.1.3}{1.3 Lieferobjekte}{section.1}% 4
\BOOKMARK [1][-]{section.2}{2 L\366sungskonzept}{}% 5
\BOOKMARK [1][-]{section.3}{3 Hardware / Machine Controlling System}{}% 6
\BOOKMARK [2][-]{subsection.3.1}{3.1 Motor Control Unit \(MCU\)}{section.3}% 7
\BOOKMARK [2][-]{subsection.3.2}{3.2 Debugging Interface Unit \(DIU\)}{section.3}% 8
\BOOKMARK [2][-]{subsection.3.3}{3.3 Printer Controlling Unit \(PCU\)}{section.3}% 9
\BOOKMARK [2][-]{subsection.3.4}{3.4 Storage Disk Unit \(SDU\)}{section.3}% 10
\BOOKMARK [2][-]{subsection.3.5}{3.5 Heater-Fan-Controll Unit \(HFU\)}{section.3}% 11
\BOOKMARK [2][-]{subsection.3.6}{3.6 Interface Controlling Unit \(ICU\)}{section.3}% 12
\BOOKMARK [2][-]{subsection.3.7}{3.7 Human-Machine-Interface \(HMI\)}{section.3}% 13
\BOOKMARK [2][-]{subsection.3.8}{3.8 Power Management Unit \(PMU\)}{section.3}% 14
\BOOKMARK [1][-]{section.4}{4 Software}{}% 15
\BOOKMARK [2][-]{subsection.4.1}{4.1 Interface Controlling Unit \(ICU\)}{section.4}% 16
\BOOKMARK [2][-]{subsection.4.2}{4.2 Web Management Unit \(WMU\)}{section.4}% 17
\BOOKMARK [2][-]{subsection.4.3}{4.3 Human Machine System \(HMS\)}{section.4}% 18
\BOOKMARK [2][-]{subsection.4.4}{4.4 Printer Control Unit \(PCU\)}{section.4}% 19
\BOOKMARK [1][-]{section.5}{5 Bedienung}{}% 20
\BOOKMARK [1][-]{section.6}{6 Testkonzept}{}% 21
\BOOKMARK [1][-]{section.7}{7 Projektvereinbarung}{}% 22
\BOOKMARK [1][-]{appendix.A}{A Lastenheft}{}% 23
