\BOOKMARK [1][-]{section.1}{1 Einleitung}{}% 1
\BOOKMARK [1][-]{section.2}{2 Ausgangslage}{}% 2
\BOOKMARK [2][-]{subsection.2.1}{2.1 Blockschaltbild}{section.2}% 3
\BOOKMARK [1][-]{section.3}{3 Neue Hardware}{}% 4
\BOOKMARK [2][-]{subsection.3.1}{3.1 Wirelessmodul}{section.3}% 5
\BOOKMARK [2][-]{subsection.3.2}{3.2 USB-B}{section.3}% 6
\BOOKMARK [2][-]{subsection.3.3}{3.3 RFID}{section.3}% 7
\BOOKMARK [2][-]{subsection.3.4}{3.4 SD-Karte}{section.3}% 8
\BOOKMARK [2][-]{subsection.3.5}{3.5 Beleuchtung}{section.3}% 9
\BOOKMARK [1][-]{section.4}{4 Printaufbau}{}% 10
\BOOKMARK [1][-]{section.5}{5 Teilsysteme}{}% 11
\BOOKMARK [2][-]{subsection.5.1}{5.1 Speisungen}{section.5}% 12
\BOOKMARK [2][-]{subsection.5.2}{5.2 Motor}{section.5}% 13
\BOOKMARK [2][-]{subsection.5.3}{5.3 Fl\374ssigkeitsbef\366rderung}{section.5}% 14
\BOOKMARK [2][-]{subsection.5.4}{5.4 Programmierschnittstellen}{section.5}% 15
\BOOKMARK [2][-]{subsection.5.5}{5.5 Benutzerschnittstellen}{section.5}% 16
\BOOKMARK [2][-]{subsection.5.6}{5.6 Beleuchtung}{section.5}% 17
\BOOKMARK [2][-]{subsection.5.7}{5.7 Mikrocontroller}{section.5}% 18
\BOOKMARK [2][-]{subsection.5.8}{5.8 SD-Karte}{section.5}% 19
\BOOKMARK [1][-]{section.6}{6 Inbetriebnahme}{}% 20
\BOOKMARK [2][-]{subsection.6.1}{6.1 Speisungen}{section.6}% 21
\BOOKMARK [2][-]{subsection.6.2}{6.2 Programmierschnittstellen}{section.6}% 22
\BOOKMARK [2][-]{subsection.6.3}{6.3 Benutzerschnittstellen}{section.6}% 23
\BOOKMARK [2][-]{subsection.6.4}{6.4 Mikrocontroller}{section.6}% 24
\BOOKMARK [2][-]{subsection.6.5}{6.5 Datenspeicherung}{section.6}% 25
\BOOKMARK [2][-]{subsection.6.6}{6.6 Fl\374ssigkeitsbef\366rderung}{section.6}% 26
\BOOKMARK [2][-]{subsection.6.7}{6.7 Beleuchtung}{section.6}% 27
\BOOKMARK [2][-]{subsection.6.8}{6.8 Motor}{section.6}% 28
\BOOKMARK [1][-]{section.7}{7 Software}{}% 29
\BOOKMARK [2][-]{subsection.7.1}{7.1 Atmega2560}{section.7}% 30
\BOOKMARK [2][-]{subsection.7.2}{7.2 ESP32}{section.7}% 31
\BOOKMARK [2][-]{subsection.7.3}{7.3 Displaysoftware}{section.7}% 32
\BOOKMARK [2][-]{subsection.7.4}{7.4 Android App}{section.7}% 33
\BOOKMARK [1][-]{section.8}{8 Mechanik}{}% 34
\BOOKMARK [2][-]{subsection.8.1}{8.1 Rahmen}{section.8}% 35
\BOOKMARK [2][-]{subsection.8.2}{8.2 Getr\344nkeschlitten}{section.8}% 36
\BOOKMARK [2][-]{subsection.8.3}{8.3 Verkleidung}{section.8}% 37
\BOOKMARK [2][-]{subsection.8.4}{8.4 Unterbringung der Elektronik}{section.8}% 38
\BOOKMARK [2][-]{subsection.8.5}{8.5 K\374hlbox}{section.8}% 39
\BOOKMARK [1][-]{section.9}{9 Evaluation}{}% 40
\BOOKMARK [1][-]{section.10}{10 Fazit}{}% 41
\BOOKMARK [2][-]{subsection.10.1}{10.1 Zielerreichung}{section.10}% 42
\BOOKMARK [2][-]{subsection.10.2}{10.2 Kosten}{section.10}% 43
\BOOKMARK [1][-]{section.11}{11 Schlusswort}{}% 44
\BOOKMARK [1][-]{section.12}{12 Ehrlichkeitserkl\344rung}{}% 45
\BOOKMARK [1][-]{appendix.A}{A TMC4671}{}% 46
\BOOKMARK [2][-]{subsection.A.1}{A.1 Standard-Schaltkreis TMC4671}{appendix.A}% 47
\BOOKMARK [2][-]{subsection.A.2}{A.2 Blockdiagramm TMC4671}{appendix.A}% 48
\BOOKMARK [2][-]{subsection.A.3}{A.3 Inbetriebnahme TMC4671}{appendix.A}% 49
\BOOKMARK [1][-]{appendix.B}{B TMC6200}{}% 50
\BOOKMARK [2][-]{subsection.B.1}{B.1 Standard-Schaltkreis TMC6200}{appendix.B}% 51
\BOOKMARK [2][-]{subsection.B.2}{B.2 Blockdiagramm TMC6200}{appendix.B}% 52
\BOOKMARK [2][-]{subsection.B.3}{B.3 Verst\344rkungsfaktor, Strommessung, Strommesswiderstand}{appendix.B}% 53
\BOOKMARK [2][-]{subsection.B.4}{B.4 Gate-Vorwiderstand}{appendix.B}% 54
\BOOKMARK [2][-]{subsection.B.5}{B.5 Externe Gate-Spannungsversorgung}{appendix.B}% 55
\BOOKMARK [2][-]{subsection.B.6}{B.6 Inbetriebnahme}{appendix.B}% 56
\BOOKMARK [1][-]{appendix.C}{C H-Br\374cke}{}% 57
\BOOKMARK [2][-]{subsection.C.1}{C.1 Referenzschema}{appendix.C}% 58
\BOOKMARK [2][-]{subsection.C.2}{C.2 Inbetriebnahme}{appendix.C}% 59
\BOOKMARK [1][-]{appendix.D}{D CUI AMT332S-V ABN-Encoder}{}% 60
\BOOKMARK [2][-]{subsection.D.1}{D.1 Pinout and Interface}{appendix.D}% 61
\BOOKMARK [2][-]{subsection.D.2}{D.2 Inbetriebnahme}{appendix.D}% 62
\BOOKMARK [1][-]{appendix.E}{E Mikrocontroller}{}% 63
\BOOKMARK [2][-]{subsection.E.1}{E.1 Brown-out-Detection}{appendix.E}% 64
\BOOKMARK [2][-]{subsection.E.2}{E.2 Full Swing Crystal Oscillator}{appendix.E}% 65
\BOOKMARK [2][-]{subsection.E.3}{E.3 Bootloader-Speicherplatz}{appendix.E}% 66
\BOOKMARK [2][-]{subsection.E.4}{E.4 Memory-Lock Bootloader}{appendix.E}% 67
\BOOKMARK [1][-]{appendix.F}{F USB-B}{}% 68
\BOOKMARK [2][-]{subsection.F.1}{F.1 Ger\344te-Manager}{appendix.F}% 69
\BOOKMARK [1][-]{appendix.G}{G Atmel Studio}{}% 70
\BOOKMARK [2][-]{subsection.G.1}{G.1 Fuse Bits}{appendix.G}% 71
\BOOKMARK [2][-]{subsection.G.2}{G.2 Lock Bits}{appendix.G}% 72
\BOOKMARK [2][-]{subsection.G.3}{G.3 Einbinden AVRdude und stk500v2 \(wiring\)}{appendix.G}% 73
\BOOKMARK [2][-]{subsection.G.4}{G.4 Bootloader ''Brennen''}{appendix.G}% 74
